TN:
SF:bin\cli.js
FN:27,(anonymous_0)
FN:39,(anonymous_1)
FN:44,parseOptions
FNF:3
FNH:3
FNDA:7,(anonymous_0)
FNDA:7,(anonymous_1)
FNDA:7,parseOptions
DA:3,10
DA:4,10
DA:5,10
DA:6,10
DA:8,10
DA:16,10
DA:28,7
DA:29,7
DA:30,5
DA:31,0
DA:33,7
DA:37,10
DA:40,7
DA:41,7
DA:45,7
DA:46,7
DA:48,2
LF:17
LH:16
BRDA:46,0,0,3
BRDA:46,0,1,4
BRF:2
BRH:2
end_of_record
TN:
SF:lib\index.js
FN:12,postmanToOpenApi
FN:35,(anonymous_1)
FN:88,calculateFolderTag
FN:92,compileInfo
FN:110,parseXLogo
FN:122,parseLicense
FN:129,parseContact
FN:134,(anonymous_7)
FN:145,parseExternalDocs
FN:152,parseBody
FN:217,parseBodyData
FN:244,(anonymous_11)
FN:296,parseRespData
FN:327,(anonymous_13)
FN:378,nestedObject
FN:397,(anonymous_15)
FN:453,getAllKeyPaths
FN:472,extractBody
FN:607,parseFormData
FN:613,(anonymous_19)
FN:636,(anonymous_20)
FN:644,parseParameters
FN:656,mapParameters
FN:657,(anonymous_23)
FN:672,extractPathParameters
FN:674,(anonymous_25)
FN:689,getVarValue
FN:690,(anonymous_27)
FN:695,inferType
FN:703,parseAuth
FN:711,parsePostmanAuth
FN:729,parseOperationAuth
FN:746,parseOptsAuth
FN:769,calculatePath
FN:773,(anonymous_34)
FN:780,calculateDomains
FN:791,scrapeURL
FN:811,(anonymous_37)
FN:828,compoundQueryParams
FN:833,parseServers
FN:837,(anonymous_40)
FN:839,(anonymous_41)
FN:845,parseTags
FN:847,(anonymous_43)
FN:851,descriptionParse
FN:865,parseResponse
FN:873,parseResponseFromEvents
FN:875,(anonymous_47)
FN:891,parseResponseFromExamples
FN:894,(anonymous_49)
FN:913,(anonymous_50)
FN:926,parseContent
FN:928,(anonymous_52)
FN:951,parseExamples
FN:954,(anonymous_54)
FN:970,safeSampleParse
FN:982,parseResponseHeaders
FN:987,(anonymous_57)
FN:1003,resolveInput
FN:1016,isRequired
FN:1027,calculateOperationId
FNF:61
FNH:51
FNDA:130,postmanToOpenApi
FNDA:26,(anonymous_1)
FNDA:13,calculateFolderTag
FNDA:32,compileInfo
FNDA:32,parseXLogo
FNDA:32,parseLicense
FNDA:32,parseContact
FNDA:88,(anonymous_7)
FNDA:32,parseExternalDocs
FNDA:153,parseBody
FNDA:96,parseBodyData
FNDA:600,(anonymous_11)
FNDA:1,parseRespData
FNDA:0,(anonymous_13)
FNDA:0,nestedObject
FNDA:0,(anonymous_15)
FNDA:180,getAllKeyPaths
FNDA:0,extractBody
FNDA:6,parseFormData
FNDA:22,(anonymous_19)
FNDA:121,(anonymous_20)
FNDA:57,parseParameters
FNDA:114,mapParameters
FNDA:139,(anonymous_23)
FNDA:57,extractPathParameters
FNDA:31,(anonymous_25)
FNDA:384,getVarValue
FNDA:248,(anonymous_27)
FNDA:159,inferType
FNDA:32,parseAuth
FNDA:32,parsePostmanAuth
FNDA:57,parseOperationAuth
FNDA:0,parseOptsAuth
FNDA:153,calculatePath
FNDA:208,(anonymous_34)
FNDA:153,calculateDomains
FNDA:153,scrapeURL
FNDA:16,(anonymous_37)
FNDA:153,compoundQueryParams
FNDA:32,parseServers
FNDA:0,(anonymous_40)
FNDA:32,(anonymous_41)
FNDA:32,parseTags
FNDA:0,(anonymous_43)
FNDA:153,descriptionParse
FNDA:57,parseResponse
FNDA:56,parseResponseFromEvents
FNDA:0,(anonymous_47)
FNDA:1,parseResponseFromExamples
FNDA:1,(anonymous_49)
FNDA:1,(anonymous_50)
FNDA:1,parseContent
FNDA:1,(anonymous_52)
FNDA:1,parseExamples
FNDA:0,(anonymous_54)
FNDA:1,safeSampleParse
FNDA:1,parseResponseHeaders
FNDA:0,(anonymous_57)
FNDA:130,resolveInput
FNDA:22,isRequired
FNDA:153,calculateOperationId
DA:3,11
DA:4,11
DA:5,11
DA:6,11
DA:7,11
DA:8,11
DA:9,11
DA:10,11
DA:19,130
DA:20,129
DA:21,6
DA:23,129
DA:24,129
DA:25,129
DA:26,129
DA:27,129
DA:28,129
DA:29,129
DA:31,129
DA:32,153
DA:33,13
DA:34,13
DA:35,26
DA:36,13
DA:37,13
DA:39,13
DA:42,153
DA:46,153
DA:47,153
DA:48,153
DA:51,153
DA:52,153
DA:53,153
DA:54,153
DA:55,153
DA:57,153
DA:71,32
DA:80,32
DA:81,32
DA:82,28
DA:84,32
DA:89,13
DA:93,32
DA:94,32
DA:98,32
DA:99,32
DA:111,32
DA:112,32
DA:113,32
DA:114,32
DA:118,32
DA:119,32
DA:123,32
DA:124,32
DA:125,32
DA:126,32
DA:130,32
DA:131,32
DA:132,32
DA:133,32
DA:134,88
DA:146,32
DA:147,32
DA:148,32
DA:149,32
DA:155,153
DA:156,111
DA:157,111
DA:158,111
DA:160,103
DA:162,103
DA:163,103
DA:164,96
DA:165,96
DA:166,96
DA:167,96
DA:168,0
DA:171,96
DA:175,7
DA:176,4
DA:185,3
DA:195,7
DA:198,2
DA:201,2
DA:203,4
DA:206,4
DA:209,2
DA:212,2
DA:214,15
DA:218,96
DA:228,96
DA:229,96
DA:231,96
DA:232,96
DA:233,384
DA:235,96
DA:237,96
DA:238,96
DA:239,96
DA:241,96
DA:242,96
DA:243,96
DA:244,600
DA:246,96
DA:249,0
DA:251,0
DA:253,0
DA:255,0
DA:256,0
DA:258,0
DA:264,0
DA:265,0
DA:267,0
DA:268,0
DA:271,0
DA:273,0
DA:279,0
DA:280,0
DA:284,0
DA:286,0
DA:287,0
DA:293,0
DA:297,1
DA:298,1
DA:299,1
DA:301,1
DA:302,0
DA:303,0
DA:304,0
DA:306,0
DA:308,0
DA:317,0
DA:319,0
DA:320,0
DA:321,0
DA:323,0
DA:324,0
DA:326,0
DA:327,0
DA:329,0
DA:331,0
DA:333,0
DA:335,0
DA:337,0
DA:338,0
DA:340,0
DA:346,0
DA:347,0
DA:349,0
DA:350,0
DA:353,0
DA:355,0
DA:361,0
DA:362,0
DA:365,0
DA:367,0
DA:368,0
DA:375,0
DA:380,0
DA:384,0
DA:385,0
DA:386,0
DA:389,0
DA:391,0
DA:393,0
DA:394,0
DA:395,0
DA:396,0
DA:397,0
DA:400,0
DA:401,0
DA:402,0
DA:406,0
DA:408,0
DA:410,0
DA:412,0
DA:414,0
DA:415,0
DA:417,0
DA:423,0
DA:424,0
DA:426,0
DA:427,0
DA:430,0
DA:432,0
DA:438,0
DA:439,0
DA:441,0
DA:442,0
DA:443,0
DA:444,0
DA:450,0
DA:454,180
DA:455,180
DA:456,384
DA:457,384
DA:458,84
DA:459,84
DA:461,300
DA:464,180
DA:465,552
DA:467,180
DA:468,180
DA:474,0
DA:475,0
DA:476,0
DA:477,0
DA:478,0
DA:479,0
DA:480,0
DA:481,0
DA:482,0
DA:483,0
DA:484,0
DA:485,0
DA:486,0
DA:487,0
DA:488,0
DA:489,0
DA:491,0
DA:492,0
DA:493,0
DA:495,0
DA:498,0
DA:499,0
DA:500,0
DA:501,0
DA:505,0
DA:506,0
DA:507,0
DA:508,0
DA:509,0
DA:510,0
DA:513,0
DA:514,0
DA:515,0
DA:518,0
DA:519,0
DA:520,0
DA:523,0
DA:524,0
DA:525,0
DA:528,0
DA:529,0
DA:530,0
DA:533,0
DA:534,0
DA:535,0
DA:538,0
DA:539,0
DA:540,0
DA:543,0
DA:544,0
DA:545,0
DA:548,0
DA:549,0
DA:550,0
DA:553,0
DA:554,0
DA:555,0
DA:558,0
DA:559,0
DA:560,0
DA:563,0
DA:564,0
DA:565,0
DA:568,0
DA:569,0
DA:570,0
DA:573,0
DA:574,0
DA:575,0
DA:580,0
DA:602,0
DA:608,6
DA:613,6
DA:614,22
DA:615,22
DA:616,14
DA:618,22
DA:624,22
DA:636,11
DA:637,121
DA:638,113
DA:640,121
DA:647,57
DA:649,57
DA:651,57
DA:652,57
DA:657,114
DA:658,139
DA:659,121
DA:660,121
DA:668,121
DA:673,57
DA:674,57
DA:675,31
DA:676,31
DA:677,31
DA:678,31
DA:690,384
DA:691,384
DA:696,159
DA:697,141
DA:698,129
DA:699,111
DA:704,32
DA:705,0
DA:707,32
DA:712,32
DA:713,32
DA:714,0
DA:718,0
DA:725,32
DA:730,57
DA:732,57
DA:734,0
DA:735,0
DA:739,0
DA:747,0
DA:748,0
DA:749,0
DA:750,0
DA:751,0
DA:752,0
DA:757,0
DA:760,0
DA:770,153
DA:773,153
DA:774,208
DA:775,208
DA:776,208
DA:781,153
DA:793,153
DA:794,0
DA:796,153
DA:799,153
DA:800,153
DA:801,153
DA:812,16
DA:813,16
DA:829,153
DA:835,32
DA:837,0
DA:839,32
DA:841,32
DA:846,32
DA:847,0
DA:848,32
DA:852,153
DA:853,145
DA:854,145
DA:855,0
DA:856,0
DA:857,0
DA:866,57
DA:867,1
DA:869,56
DA:874,56
DA:875,56
DA:876,56
DA:877,0
DA:878,0
DA:879,0
DA:881,56
DA:893,1
DA:896,1
DA:897,0
DA:898,0
DA:900,0
DA:902,1
DA:909,1
DA:912,1
DA:914,1
DA:920,0
DA:923,0
DA:927,1
DA:929,1
DA:930,1
DA:941,0
DA:946,0
DA:948,0
DA:952,1
DA:953,0
DA:955,0
DA:959,0
DA:963,1
DA:964,1
DA:971,1
DA:972,1
DA:973,1
DA:974,1
DA:975,0
DA:977,1
DA:979,0
DA:983,1
DA:984,0
DA:986,1
DA:987,1
DA:988,0
DA:994,0
DA:996,1
DA:1004,130
DA:1005,1
DA:1007,129
DA:1017,22
DA:1029,153
DA:1031,147
DA:1033,2
DA:1034,2
DA:1037,2
DA:1038,2
DA:1039,2
DA:1042,2
DA:1044,153
DA:1047,11
DA:1049,11
LF:417
LH:222
BRDA:12,0,0,34
BRDA:13,1,0,115
BRDA:13,2,0,128
BRDA:13,3,0,118
BRDA:14,4,0,126
BRDA:14,5,0,126
BRDA:15,6,0,128
BRDA:15,7,0,124
BRDA:15,8,0,128
BRDA:15,9,0,128
BRDA:16,10,0,124
BRDA:16,11,0,124
BRDA:20,12,0,6
BRDA:20,12,1,123
BRDA:24,13,0,129
BRDA:24,13,1,127
BRDA:25,14,0,39
BRDA:32,15,0,166
BRDA:32,15,1,166
BRDA:39,16,0,13
BRDA:39,16,1,0
BRDA:42,17,0,153
BRDA:42,17,1,0
BRDA:44,18,0,0
BRDA:45,19,0,140
BRDA:48,20,0,153
BRDA:48,20,1,0
BRDA:54,21,0,151
BRDA:54,21,1,2
BRDA:61,22,0,145
BRDA:61,22,1,8
BRDA:80,23,0,0
BRDA:80,23,1,32
BRDA:81,24,0,28
BRDA:81,24,1,4
BRDA:88,25,0,9
BRDA:88,26,0,9
BRDA:89,27,0,4
BRDA:89,27,1,9
BRDA:89,28,0,13
BRDA:89,28,1,6
BRDA:93,29,0,24
BRDA:96,30,0,32
BRDA:96,31,0,32
BRDA:96,32,0,32
BRDA:104,33,0,0
BRDA:104,33,1,32
BRDA:110,34,0,32
BRDA:116,35,0,32
BRDA:116,36,0,32
BRDA:117,37,0,32
BRDA:117,38,0,32
BRDA:119,39,0,0
BRDA:119,39,1,32
BRDA:122,40,0,30
BRDA:125,41,0,30
BRDA:125,42,0,30
BRDA:126,43,0,4
BRDA:126,43,1,28
BRDA:126,44,0,4
BRDA:126,44,1,0
BRDA:129,45,0,30
BRDA:133,46,0,30
BRDA:133,47,0,30
BRDA:133,48,0,30
BRDA:134,49,0,4
BRDA:134,49,1,28
BRDA:137,50,0,4
BRDA:137,50,1,0
BRDA:138,51,0,4
BRDA:138,51,1,0
BRDA:139,52,0,4
BRDA:139,52,1,0
BRDA:148,53,0,32
BRDA:148,54,0,32
BRDA:149,55,0,0
BRDA:149,55,1,32
BRDA:149,56,0,0
BRDA:149,56,1,0
BRDA:152,57,0,36
BRDA:155,58,0,42
BRDA:155,58,1,111
BRDA:156,59,0,9
BRDA:158,60,0,103
BRDA:158,60,1,2
BRDA:158,60,2,4
BRDA:158,60,3,2
BRDA:163,61,0,96
BRDA:163,61,1,7
BRDA:164,62,0,96
BRDA:164,62,1,0
BRDA:167,63,0,0
BRDA:167,63,1,96
BRDA:175,64,0,4
BRDA:175,64,1,3
BRDA:242,65,0,96
BRDA:242,65,1,0
BRDA:249,66,0,0
BRDA:249,66,1,0
BRDA:255,67,0,0
BRDA:255,67,1,0
BRDA:267,68,0,0
BRDA:267,68,1,0
BRDA:324,69,0,0
BRDA:324,69,1,0
BRDA:331,70,0,0
BRDA:331,70,1,0
BRDA:337,71,0,0
BRDA:337,71,1,0
BRDA:349,72,0,0
BRDA:349,72,1,0
BRDA:385,73,0,0
BRDA:385,73,1,0
BRDA:395,74,0,0
BRDA:395,74,1,0
BRDA:400,75,0,0
BRDA:400,75,1,0
BRDA:401,76,0,0
BRDA:401,76,1,0
BRDA:408,77,0,0
BRDA:408,77,1,0
BRDA:414,78,0,0
BRDA:414,78,1,0
BRDA:426,79,0,0
BRDA:426,79,1,0
BRDA:441,80,0,0
BRDA:441,80,1,0
BRDA:453,81,0,96
BRDA:456,82,0,168
BRDA:456,82,1,216
BRDA:457,83,0,84
BRDA:457,83,1,300
BRDA:491,84,0,0
BRDA:491,84,1,0
BRDA:492,85,0,0
BRDA:492,85,1,0
BRDA:498,86,0,0
BRDA:498,86,1,0
BRDA:505,87,0,0
BRDA:505,87,1,0
BRDA:505,88,0,0
BRDA:505,88,1,0
BRDA:508,89,0,0
BRDA:508,89,1,0
BRDA:513,90,0,0
BRDA:513,90,1,0
BRDA:518,91,0,0
BRDA:518,91,1,0
BRDA:523,92,0,0
BRDA:523,92,1,0
BRDA:528,93,0,0
BRDA:528,93,1,0
BRDA:533,94,0,0
BRDA:533,94,1,0
BRDA:538,95,0,0
BRDA:538,95,1,0
BRDA:543,96,0,0
BRDA:543,96,1,0
BRDA:548,97,0,0
BRDA:548,97,1,0
BRDA:553,98,0,0
BRDA:553,98,1,0
BRDA:558,99,0,0
BRDA:558,99,1,0
BRDA:563,100,0,0
BRDA:563,100,1,0
BRDA:568,101,0,0
BRDA:568,101,1,0
BRDA:573,102,0,0
BRDA:573,102,1,0
BRDA:581,103,0,0
BRDA:581,103,1,0
BRDA:582,104,0,0
BRDA:582,104,1,0
BRDA:583,105,0,0
BRDA:583,105,1,0
BRDA:584,106,0,0
BRDA:584,106,1,0
BRDA:585,107,0,0
BRDA:585,107,1,0
BRDA:586,108,0,0
BRDA:586,108,1,0
BRDA:587,109,0,0
BRDA:587,109,1,0
BRDA:588,110,0,0
BRDA:588,110,1,0
BRDA:589,111,0,0
BRDA:589,111,1,0
BRDA:590,112,0,0
BRDA:590,112,1,0
BRDA:591,113,0,0
BRDA:591,113,1,0
BRDA:592,114,0,0
BRDA:592,114,1,0
BRDA:593,115,0,0
BRDA:593,115,1,0
BRDA:594,116,0,0
BRDA:594,116,1,0
BRDA:595,117,0,0
BRDA:595,117,1,0
BRDA:596,118,0,0
BRDA:596,118,1,0
BRDA:597,119,0,0
BRDA:597,119,1,0
BRDA:598,120,0,0
BRDA:598,120,1,0
BRDA:615,121,0,14
BRDA:615,121,1,8
BRDA:616,122,0,14
BRDA:616,122,1,6
BRDA:618,123,0,22
BRDA:618,123,1,6
BRDA:620,124,0,18
BRDA:620,124,1,4
BRDA:621,125,0,18
BRDA:621,125,1,4
BRDA:622,126,0,4
BRDA:622,126,1,18
BRDA:637,127,0,113
BRDA:637,127,1,8
BRDA:644,128,0,57
BRDA:645,129,0,2
BRDA:645,130,0,2
BRDA:645,131,0,57
BRDA:652,132,0,35
BRDA:652,132,1,22
BRDA:658,133,0,18
BRDA:658,133,1,121
BRDA:658,134,0,139
BRDA:658,134,1,99
BRDA:664,135,0,36
BRDA:664,135,1,85
BRDA:665,136,0,110
BRDA:665,136,1,11
BRDA:666,137,0,111
BRDA:666,137,1,10
BRDA:673,138,0,57
BRDA:673,138,1,32
BRDA:676,139,0,15
BRDA:676,140,0,31
BRDA:676,140,1,15
BRDA:677,141,0,31
BRDA:677,142,0,31
BRDA:677,143,0,31
BRDA:677,144,0,31
BRDA:677,144,1,31
BRDA:683,145,0,16
BRDA:683,145,1,15
BRDA:684,146,0,16
BRDA:684,146,1,15
BRDA:689,147,0,352
BRDA:691,148,0,24
BRDA:691,148,1,360
BRDA:696,149,0,18
BRDA:696,149,1,141
BRDA:697,150,0,12
BRDA:697,150,1,129
BRDA:698,151,0,18
BRDA:698,151,1,111
BRDA:704,152,0,0
BRDA:704,152,1,32
BRDA:711,153,0,32
BRDA:713,154,0,0
BRDA:713,154,1,32
BRDA:725,155,0,32
BRDA:725,155,1,0
BRDA:730,156,0,57
BRDA:730,156,1,0
BRDA:730,157,0,57
BRDA:730,157,1,0
BRDA:751,158,0,0
BRDA:751,158,1,0
BRDA:751,159,0,0
BRDA:751,159,1,0
BRDA:760,160,0,0
BRDA:760,160,1,0
BRDA:781,161,0,2
BRDA:781,161,1,151
BRDA:793,162,0,0
BRDA:793,162,1,153
BRDA:793,163,0,153
BRDA:793,163,1,153
BRDA:793,163,2,153
BRDA:796,164,0,60
BRDA:796,164,1,93
BRDA:796,165,0,153
BRDA:796,165,1,93
BRDA:799,166,0,3
BRDA:799,166,1,150
BRDA:809,167,0,141
BRDA:809,167,1,12
BRDA:828,168,0,135
BRDA:835,169,0,0
BRDA:835,169,1,32
BRDA:841,170,0,32
BRDA:841,170,1,0
BRDA:848,171,0,0
BRDA:848,171,1,32
BRDA:852,172,0,8
BRDA:852,172,1,145
BRDA:854,173,0,145
BRDA:854,173,1,0
BRDA:866,174,0,1
BRDA:866,174,1,56
BRDA:866,175,0,57
BRDA:866,175,1,57
BRDA:866,175,2,57
BRDA:873,176,0,56
BRDA:876,177,0,0
BRDA:876,177,1,56
BRDA:879,178,0,0
BRDA:879,178,1,0
BRDA:879,179,0,0
BRDA:879,179,1,0
BRDA:879,180,0,0
BRDA:879,180,1,0
BRDA:879,181,0,0
BRDA:879,181,1,0
BRDA:896,182,0,0
BRDA:896,182,1,1
BRDA:897,183,0,0
BRDA:897,183,1,0
BRDA:929,184,0,1
BRDA:929,184,1,0
BRDA:952,185,0,0
BRDA:952,185,1,1
BRDA:952,186,0,1
BRDA:952,186,1,1
BRDA:971,187,0,1
BRDA:971,187,1,0
BRDA:973,188,0,0
BRDA:973,188,1,1
BRDA:973,189,0,1
BRDA:973,189,1,1
BRDA:974,190,0,0
BRDA:974,190,1,1
BRDA:983,191,0,0
BRDA:983,191,1,1
BRDA:986,192,0,1
BRDA:986,192,1,1
BRDA:996,193,0,0
BRDA:996,193,1,1
BRDA:1004,194,0,1
BRDA:1004,194,1,129
BRDA:1029,195,0,147
BRDA:1029,195,1,2
BRDA:1029,195,2,2
BRDA:1029,195,3,2
BRDA:1038,196,0,0
BRDA:1038,196,1,2
BRDA:1044,197,0,2
BRDA:1044,197,1,151
BRF:352
BRH:195
end_of_record
TN:
SF:lib\md-utils.js
FN:6,parseMdTable
FN:8,(anonymous_1)
FN:11,(anonymous_2)
FN:11,(anonymous_3)
FN:12,(anonymous_4)
FN:14,(anonymous_5)
FN:15,(anonymous_6)
FN:16,(anonymous_7)
FNF:8
FNH:8
FNDA:8,parseMdTable
FNDA:8,(anonymous_1)
FNDA:7,(anonymous_2)
FNDA:44,(anonymous_3)
FNDA:31,(anonymous_4)
FNDA:19,(anonymous_5)
FNDA:5,(anonymous_6)
FNDA:32,(anonymous_7)
DA:3,11
DA:4,11
DA:7,8
DA:8,8
DA:9,8
DA:10,5
DA:11,44
DA:12,31
DA:13,5
DA:14,19
DA:15,3
DA:16,5
DA:17,32
DA:18,29
DA:20,32
DA:23,5
DA:24,5
DA:25,5
DA:27,0
DA:29,5
DA:30,5
DA:32,3
DA:35,11
LF:23
LH:22
BRDA:9,0,0,3
BRDA:9,0,1,5
BRDA:13,1,0,2
BRDA:13,1,1,3
BRDA:13,2,0,5
BRDA:13,2,1,4
BRDA:14,3,0,17
BRDA:14,3,1,2
BRDA:17,4,0,29
BRDA:17,4,1,3
BRDA:24,5,0,5
BRDA:24,5,1,0
BRF:12
BRH:11
end_of_record
TN:
SF:lib\var-replacer.js
FN:6,escapedValue
FN:11,replacePostmanVariables
FN:14,(anonymous_2)
FNF:3
FNH:3
FNDA:160,escapedValue
FNDA:10,replacePostmanVariables
FNDA:64,(anonymous_2)
DA:1,11
DA:6,11
DA:7,160
DA:8,160
DA:12,10
DA:13,10
DA:14,10
DA:15,64
DA:16,64
DA:19,10
DA:20,10
DA:23,11
LF:12
LH:12
BRDA:7,0,0,160
BRDA:7,0,1,16
BRDA:11,1,0,2
BRDA:13,2,0,2
BRF:4
BRH:4
end_of_record
TN:
SF:test\cli.spec.js
FN:20,(anonymous_0)
FN:21,(anonymous_1)
FN:27,(anonymous_2)
FN:32,(anonymous_3)
FN:40,(anonymous_4)
FN:48,(anonymous_5)
FN:56,(anonymous_6)
FN:62,(anonymous_7)
FN:67,(anonymous_8)
FN:75,(anonymous_9)
FN:83,(anonymous_10)
FN:88,(anonymous_11)
FNF:12
FNH:12
FNDA:1,(anonymous_0)
FNDA:10,(anonymous_1)
FNDA:1,(anonymous_2)
FNDA:1,(anonymous_3)
FNDA:1,(anonymous_4)
FNDA:1,(anonymous_5)
FNDA:1,(anonymous_6)
FNDA:1,(anonymous_7)
FNDA:1,(anonymous_8)
FNDA:1,(anonymous_9)
FNDA:1,(anonymous_10)
FNDA:1,(anonymous_11)
DA:3,1
DA:4,1
DA:5,1
DA:6,1
DA:8,1
DA:9,1
DA:10,1
DA:11,1
DA:12,1
DA:13,1
DA:14,1
DA:15,1
DA:16,1
DA:18,1
DA:20,1
DA:21,1
DA:22,10
DA:23,0
DA:27,1
DA:28,1
DA:29,0
DA:32,1
DA:33,1
DA:40,1
DA:41,1
DA:48,1
DA:49,1
DA:56,1
DA:57,1
DA:58,0
DA:59,0
DA:62,1
DA:63,1
DA:64,0
DA:67,1
DA:68,1
DA:75,1
DA:76,1
DA:83,1
DA:84,1
DA:85,1
DA:88,1
DA:89,1
DA:90,1
LF:44
LH:39
BRDA:22,0,0,0
BRDA:22,0,1,10
BRF:2
BRH:1
end_of_record
TN:
SF:test\index.spec.js
FN:92,(anonymous_0)
FN:93,(anonymous_1)
FN:101,(anonymous_2)
FN:102,(anonymous_3)
FN:138,(anonymous_4)
FN:144,(anonymous_5)
FN:148,(anonymous_6)
FN:160,(anonymous_7)
FN:165,(anonymous_8)
FN:170,(anonymous_9)
FN:175,(anonymous_10)
FN:180,(anonymous_11)
FN:185,(anonymous_12)
FN:190,(anonymous_13)
FN:195,(anonymous_14)
FN:200,(anonymous_15)
FN:205,(anonymous_16)
FN:221,(anonymous_17)
FN:226,(anonymous_18)
FN:231,(anonymous_19)
FN:249,(anonymous_20)
FN:264,(anonymous_21)
FN:279,(anonymous_22)
FN:290,(anonymous_23)
FN:298,(anonymous_24)
FN:303,(anonymous_25)
FN:308,(anonymous_26)
FN:313,(anonymous_27)
FN:318,(anonymous_28)
FN:323,(anonymous_29)
FN:328,(anonymous_30)
FN:333,(anonymous_31)
FN:338,(anonymous_32)
FN:343,(anonymous_33)
FN:354,(anonymous_34)
FN:364,(anonymous_35)
FN:369,(anonymous_36)
FN:382,(anonymous_37)
FN:396,(anonymous_38)
FN:401,(anonymous_39)
FN:406,(anonymous_40)
FN:411,(anonymous_41)
FN:416,(anonymous_42)
FN:421,(anonymous_43)
FN:426,(anonymous_44)
FN:431,(anonymous_45)
FN:436,(anonymous_46)
FN:441,(anonymous_47)
FN:446,(anonymous_48)
FN:457,(anonymous_49)
FN:462,(anonymous_50)
FN:478,(anonymous_51)
FN:483,(anonymous_52)
FN:488,(anonymous_53)
FN:495,(anonymous_54)
FN:500,(anonymous_55)
FN:505,(anonymous_56)
FN:510,(anonymous_57)
FN:515,(anonymous_58)
FN:525,(anonymous_59)
FN:534,(anonymous_60)
FN:543,(anonymous_61)
FN:548,(anonymous_62)
FN:553,(anonymous_63)
FN:558,(anonymous_64)
FN:565,(anonymous_65)
FN:570,(anonymous_66)
FN:574,(anonymous_67)
FN:579,(anonymous_68)
FNF:69
FNH:69
FNDA:1,(anonymous_0)
FNDA:126,(anonymous_1)
FNDA:2,(anonymous_2)
FNDA:2,(anonymous_3)
FNDA:2,(anonymous_4)
FNDA:2,(anonymous_5)
FNDA:2,(anonymous_6)
FNDA:2,(anonymous_7)
FNDA:2,(anonymous_8)
FNDA:2,(anonymous_9)
FNDA:2,(anonymous_10)
FNDA:2,(anonymous_11)
FNDA:2,(anonymous_12)
FNDA:2,(anonymous_13)
FNDA:2,(anonymous_14)
FNDA:2,(anonymous_15)
FNDA:2,(anonymous_16)
FNDA:2,(anonymous_17)
FNDA:2,(anonymous_18)
FNDA:2,(anonymous_19)
FNDA:2,(anonymous_20)
FNDA:2,(anonymous_21)
FNDA:2,(anonymous_22)
FNDA:2,(anonymous_23)
FNDA:2,(anonymous_24)
FNDA:2,(anonymous_25)
FNDA:2,(anonymous_26)
FNDA:2,(anonymous_27)
FNDA:2,(anonymous_28)
FNDA:2,(anonymous_29)
FNDA:2,(anonymous_30)
FNDA:2,(anonymous_31)
FNDA:2,(anonymous_32)
FNDA:2,(anonymous_33)
FNDA:2,(anonymous_34)
FNDA:2,(anonymous_35)
FNDA:2,(anonymous_36)
FNDA:2,(anonymous_37)
FNDA:2,(anonymous_38)
FNDA:2,(anonymous_39)
FNDA:2,(anonymous_40)
FNDA:2,(anonymous_41)
FNDA:2,(anonymous_42)
FNDA:2,(anonymous_43)
FNDA:2,(anonymous_44)
FNDA:2,(anonymous_45)
FNDA:2,(anonymous_46)
FNDA:2,(anonymous_47)
FNDA:2,(anonymous_48)
FNDA:2,(anonymous_49)
FNDA:2,(anonymous_50)
FNDA:2,(anonymous_51)
FNDA:2,(anonymous_52)
FNDA:2,(anonymous_53)
FNDA:2,(anonymous_54)
FNDA:2,(anonymous_55)
FNDA:2,(anonymous_56)
FNDA:2,(anonymous_57)
FNDA:2,(anonymous_58)
FNDA:2,(anonymous_59)
FNDA:2,(anonymous_60)
FNDA:2,(anonymous_61)
FNDA:2,(anonymous_62)
FNDA:2,(anonymous_63)
FNDA:2,(anonymous_64)
FNDA:1,(anonymous_65)
FNDA:1,(anonymous_66)
FNDA:1,(anonymous_67)
FNDA:1,(anonymous_68)
DA:3,1
DA:4,1
DA:5,1
DA:6,1
DA:7,1
DA:8,1
DA:9,1
DA:11,1
DA:13,1
DA:14,1
DA:16,1
DA:17,1
DA:18,1
DA:19,1
DA:20,1
DA:21,1
DA:22,1
DA:23,1
DA:24,1
DA:25,1
DA:26,1
DA:27,1
DA:28,1
DA:29,1
DA:30,1
DA:31,1
DA:32,1
DA:33,1
DA:34,1
DA:35,1
DA:36,1
DA:37,1
DA:38,1
DA:39,1
DA:40,1
DA:41,1
DA:42,1
DA:43,1
DA:44,1
DA:45,1
DA:46,1
DA:47,1
DA:48,1
DA:49,1
DA:50,1
DA:51,1
DA:52,1
DA:53,1
DA:54,1
DA:55,1
DA:56,1
DA:57,1
DA:58,1
DA:59,1
DA:60,1
DA:61,1
DA:62,1
DA:63,1
DA:64,1
DA:65,1
DA:66,1
DA:67,1
DA:68,1
DA:69,1
DA:70,1
DA:71,1
DA:73,1
DA:92,1
DA:93,1
DA:94,126
DA:95,28
DA:99,1
DA:101,1
DA:102,2
DA:103,2
DA:104,2
DA:105,2
DA:106,2
DA:107,2
DA:108,2
DA:109,2
DA:110,2
DA:111,2
DA:112,2
DA:113,2
DA:114,2
DA:115,2
DA:116,2
DA:117,2
DA:118,2
DA:119,2
DA:120,2
DA:121,2
DA:122,2
DA:123,2
DA:124,2
DA:125,2
DA:126,2
DA:127,2
DA:128,2
DA:129,2
DA:130,2
DA:131,2
DA:132,2
DA:133,2
DA:134,2
DA:135,2
DA:136,2
DA:138,2
DA:139,2
DA:140,0
DA:141,0
DA:144,2
DA:145,2
DA:148,2
DA:149,2
DA:157,0
DA:160,2
DA:161,2
DA:162,0
DA:165,2
DA:166,2
DA:167,0
DA:170,2
DA:171,2
DA:172,0
DA:175,2
DA:176,2
DA:177,0
DA:180,2
DA:181,2
DA:182,0
DA:185,2
DA:186,2
DA:187,2
DA:190,2
DA:191,2
DA:192,0
DA:195,2
DA:196,2
DA:197,2
DA:200,2
DA:201,2
DA:202,0
DA:205,2
DA:206,2
DA:218,0
DA:221,2
DA:222,2
DA:223,0
DA:226,2
DA:227,2
DA:228,2
DA:231,2
DA:232,2
DA:246,2
DA:249,2
DA:250,2
DA:261,0
DA:264,2
DA:265,2
DA:276,0
DA:279,2
DA:280,2
DA:287,0
DA:290,2
DA:291,2
DA:295,0
DA:298,2
DA:299,2
DA:300,2
DA:303,2
DA:304,2
DA:305,0
DA:308,2
DA:309,2
DA:310,2
DA:313,2
DA:314,2
DA:315,2
DA:318,2
DA:319,2
DA:320,0
DA:323,2
DA:324,2
DA:325,0
DA:328,2
DA:329,2
DA:330,0
DA:333,2
DA:334,2
DA:335,0
DA:338,2
DA:339,2
DA:340,0
DA:343,2
DA:344,2
DA:351,0
DA:354,2
DA:355,2
DA:361,0
DA:364,2
DA:365,2
DA:366,0
DA:369,2
DA:370,2
DA:379,0
DA:382,2
DA:383,2
DA:393,0
DA:396,2
DA:397,2
DA:398,0
DA:401,2
DA:402,2
DA:403,0
DA:406,2
DA:407,2
DA:408,0
DA:411,2
DA:412,2
DA:413,0
DA:416,2
DA:417,2
DA:418,0
DA:421,2
DA:422,2
DA:423,0
DA:426,2
DA:427,2
DA:428,0
DA:431,2
DA:432,2
DA:433,2
DA:436,2
DA:437,2
DA:438,2
DA:441,2
DA:442,2
DA:443,0
DA:446,2
DA:447,2
DA:454,0
DA:457,2
DA:458,2
DA:459,2
DA:462,2
DA:463,2
DA:475,0
DA:478,2
DA:479,2
DA:480,2
DA:483,2
DA:484,2
DA:485,0
DA:488,2
DA:489,2
DA:495,2
DA:496,2
DA:497,0
DA:500,2
DA:501,2
DA:502,0
DA:505,2
DA:506,2
DA:507,0
DA:510,2
DA:511,2
DA:512,2
DA:515,2
DA:516,2
DA:522,2
DA:525,2
DA:526,2
DA:531,2
DA:534,2
DA:535,2
DA:540,2
DA:543,2
DA:544,2
DA:545,0
DA:548,2
DA:549,2
DA:550,0
DA:553,2
DA:554,2
DA:555,0
DA:558,2
DA:559,2
DA:560,0
DA:565,1
DA:566,1
DA:567,1
DA:570,1
DA:571,1
DA:574,1
DA:575,1
DA:576,0
DA:579,1
DA:580,1
DA:581,1
DA:582,1
LF:302
LH:256
BRDA:94,0,0,28
BRDA:94,0,1,98
BRF:2
BRH:2
end_of_record
TN:
SF:test\md-utils.spec.js
FN:7,(anonymous_0)
FN:61,(anonymous_1)
FN:66,(anonymous_2)
FN:70,(anonymous_3)
FN:74,(anonymous_4)
FN:78,(anonymous_5)
FN:82,(anonymous_6)
FN:86,(anonymous_7)
FN:91,(anonymous_8)
FNF:9
FNH:9
FNDA:1,(anonymous_0)
FNDA:1,(anonymous_1)
FNDA:1,(anonymous_2)
FNDA:1,(anonymous_3)
FNDA:1,(anonymous_4)
FNDA:1,(anonymous_5)
FNDA:1,(anonymous_6)
FNDA:1,(anonymous_7)
FNDA:1,(anonymous_8)
DA:3,1
DA:4,1
DA:5,1
DA:7,1
DA:8,1
DA:13,1
DA:18,1
DA:21,1
DA:24,1
DA:28,1
DA:33,1
DA:51,1
DA:61,1
DA:62,1
DA:63,1
DA:66,1
DA:67,1
DA:70,1
DA:71,1
DA:74,1
DA:75,1
DA:78,1
DA:79,1
DA:82,1
DA:83,1
DA:86,1
DA:87,1
DA:88,1
DA:91,1
DA:92,1
LF:30
LH:30
BRF:0
BRH:0
end_of_record
TN:
SF:test\var-replacer.spec.js
FN:8,(anonymous_0)
FN:16,(anonymous_1)
FN:21,(anonymous_2)
FN:26,(anonymous_3)
FN:34,(anonymous_4)
FNF:5
FNH:5
FNDA:1,(anonymous_0)
FNDA:1,(anonymous_1)
FNDA:1,(anonymous_2)
FNDA:1,(anonymous_3)
FNDA:1,(anonymous_4)
DA:3,1
DA:4,1
DA:5,1
DA:6,1
DA:8,1
DA:9,1
DA:10,1
DA:11,1
DA:12,1
DA:13,1
DA:14,1
DA:16,1
DA:17,1
DA:18,1
DA:21,1
DA:22,1
DA:23,1
DA:26,1
DA:27,1
DA:31,1
DA:34,1
DA:35,1
DA:39,1
LF:23
LH:23
BRF:0
BRH:0
end_of_record
